<?xml version="1.0" encoding="UTF-8"?>
<!-- Generated by org.testng.reporters.JUnitReportReporter -->
<testsuite hostname="DESKTOP-8CNA7EA" failures="0" tests="1" name="com.smoke.test.SmokeTestNG" time="3.026" errors="0" timestamp="21 Feb 2021 02:24:31 GMT" skipped="0">
  <testcase classname="com.smoke.test.SmokeTestNG" name="getActualTest" time="3.026"/>
</testsuite> <!-- com.smoke.test.SmokeTestNG -->
